2023-04-17 13:38:05,819 INFO o.a.j.u.JMeterUtils: Setting Locale to en_EN
2023-04-17 13:38:05,838 INFO o.a.j.JMeter: Loading user properties from: D:\Developer\Scoop\apps\jmeter\current\bin\user.properties
2023-04-17 13:38:05,839 INFO o.a.j.JMeter: Loading system properties from: D:\Developer\Scoop\apps\jmeter\current\bin\system.properties
2023-04-17 13:38:05,843 INFO o.a.j.JMeter: Copyright (c) 1998-2022 The Apache Software Foundation
2023-04-17 13:38:05,843 INFO o.a.j.JMeter: Version 5.5
2023-04-17 13:38:05,843 INFO o.a.j.JMeter: java.version=11.0.2
2023-04-17 13:38:05,843 INFO o.a.j.JMeter: java.vm.name=OpenJDK 64-Bit Server VM
2023-04-17 13:38:05,843 INFO o.a.j.JMeter: os.name=Windows 10
2023-04-17 13:38:05,843 INFO o.a.j.JMeter: os.arch=amd64
2023-04-17 13:38:05,843 INFO o.a.j.JMeter: os.version=10.0
2023-04-17 13:38:05,843 INFO o.a.j.JMeter: file.encoding=GBK
2023-04-17 13:38:05,843 INFO o.a.j.JMeter: java.awt.headless=null
2023-04-17 13:38:05,843 INFO o.a.j.JMeter: Max memory     =1073741824
2023-04-17 13:38:05,843 INFO o.a.j.JMeter: Available Processors =20
2023-04-17 13:38:05,849 INFO o.a.j.JMeter: Default Locale=English (EN)
2023-04-17 13:38:05,849 INFO o.a.j.JMeter: JMeter  Locale=English (EN)
2023-04-17 13:38:05,849 INFO o.a.j.JMeter: JMeterHome=D:\Developer\Scoop\apps\jmeter\current
2023-04-17 13:38:05,849 INFO o.a.j.JMeter: user.dir  =D:\Developer\WGJ\Java_WorkSpace\redis\hm-dianping
2023-04-17 13:38:05,850 INFO o.a.j.JMeter: PWD       =D:\Developer\WGJ\Java_WorkSpace\redis\hm-dianping
2023-04-17 13:38:05,850 INFO o.a.j.JMeter: IP: 192.168.0.17 Name: WangGuojian FullName: WangGuojian
2023-04-17 13:38:05,858 INFO o.a.j.JMeter: Loaded icon properties from org/apache/jmeter/images/icon.properties
2023-04-17 13:38:06,031 INFO o.a.j.JMeterGuiLauncher: Setting LAF to: com.github.weisj.darklaf.DarkLaf:com.github.weisj.darklaf.theme.DarculaTheme
